SF:lib/src/schema.dart
DA:3,1
DA:9,1
DA:10,1
DA:11,1
DA:12,1
DA:13,2
DA:14,1
DA:15,1
DA:16,1
DA:17,1
DA:19,1
LF:11
LH:11
end_of_record
SF:lib/src/store.dart
DA:36,1
DA:41,1
DA:42,2
DA:43,3
DA:44,0
DA:49,1
DA:53,3
DA:56,0
DA:58,0
DA:59,0
DA:62,0
DA:64,0
DA:70,0
DA:72,0
DA:73,0
DA:74,0
DA:75,0
DA:81,0
DA:82,0
DA:84,0
DA:90,0
DA:92,0
DA:93,0
DA:94,0
DA:95,0
DA:101,0
DA:102,0
DA:104,0
DA:117,0
DA:120,0
DA:122,0
DA:130,0
DA:133,0
DA:134,0
DA:135,0
DA:137,0
DA:143,0
DA:144,0
DA:145,0
DA:149,0
DA:152,0
DA:153,0
DA:157,0
DA:158,0
DA:163,0
DA:173,0
DA:174,0
DA:175,0
DA:176,0
DA:177,0
DA:182,1
DA:183,2
DA:187,1
DA:188,1
DA:195,1
DA:196,1
DA:197,0
DA:201,2
DA:203,2
DA:210,0
DA:211,0
DA:212,0
DA:220,1
DA:221,2
DA:230,1
DA:233,1
DA:234,0
DA:235,0
DA:236,0
DA:238,2
DA:242,1
DA:243,3
DA:244,2
DA:245,3
DA:246,2
DA:247,5
DA:248,1
DA:249,2
DA:250,2
DA:251,2
DA:252,2
DA:256,2
DA:257,2
DA:260,1
DA:261,3
DA:262,0
DA:263,0
DA:264,0
DA:268,1
DA:270,1
DA:271,0
DA:274,2
DA:278,1
DA:279,2
DA:283,2
DA:284,2
DA:285,2
DA:286,2
DA:287,1
DA:296,0
DA:298,1
DA:299,1
DA:300,0
DA:301,0
DA:307,1
DA:310,3
DA:313,1
DA:314,1
DA:315,1
DA:318,1
DA:320,0
DA:325,1
DA:327,1
DA:328,1
DA:331,1
DA:332,0
DA:333,0
DA:336,2
DA:337,2
DA:341,1
DA:343,0
DA:345,1
DA:347,1
DA:348,1
DA:349,1
DA:350,1
DA:351,1
DA:353,2
DA:354,2
DA:355,1
DA:356,0
DA:359,0
LF:132
LH:68
end_of_record
SF:lib/src/exceptions.dart
DA:4,0
DA:13,0
DA:22,0
DA:31,0
DA:40,0
LF:5
LH:0
end_of_record
SF:lib/src/serializers.dart
DA:9,1
DA:32,1
DA:33,1
DA:34,1
DA:35,1
DA:36,0
DA:38,1
DA:39,2
DA:40,0
DA:42,3
DA:43,2
DA:44,2
DA:45,1
DA:48,1
DA:49,1
DA:50,1
DA:51,1
DA:52,0
DA:53,1
DA:54,0
DA:56,1
DA:60,1
DA:69,0
DA:71,1
DA:72,1
DA:74,1
DA:75,3
DA:77,1
DA:78,3
DA:80,1
DA:81,0
DA:83,1
DA:84,1
DA:86,1
DA:87,1
DA:88,1
DA:89,2
DA:90,2
DA:92,1
DA:94,1
DA:95,1
DA:96,1
DA:101,1
DA:110,1
DA:112,1
DA:117,1
DA:119,1
DA:124,1
DA:126,1
DA:131,1
DA:133,1
DA:138,1
DA:140,0
DA:145,1
DA:148,1
DA:149,0
DA:151,1
DA:152,1
DA:154,0
DA:155,0
DA:157,0
DA:158,0
DA:160,0
DA:161,0
DA:164,0
DA:170,1
DA:173,1
DA:175,1
DA:176,0
DA:178,1
DA:179,0
DA:181,1
DA:182,1
DA:184,0
DA:185,0
DA:187,0
DA:188,0
DA:191,0
DA:194,0
DA:196,0
DA:197,0
DA:199,0
DA:200,0
DA:202,0
DA:203,0
DA:205,0
DA:206,0
DA:208,0
DA:209,0
DA:212,0
DA:215,0
DA:217,0
DA:218,0
DA:220,0
DA:221,0
DA:223,0
DA:224,0
DA:226,0
DA:227,0
DA:229,0
DA:230,0
DA:233,0
DA:237,0
DA:244,0
DA:245,0
DA:247,1
DA:248,1
DA:249,0
DA:250,0
DA:257,1
DA:258,1
DA:261,0
DA:263,0
DA:264,0
DA:267,0
DA:271,0
DA:276,1
DA:279,2
DA:281,0
DA:286,1
DA:289,2
DA:291,0
DA:296,1
DA:297,1
DA:298,1
DA:303,2
DA:304,2
DA:305,1
DA:306,0
DA:307,1
DA:308,2
DA:309,0
DA:310,0
DA:311,0
DA:312,0
DA:313,0
DA:314,0
DA:318,0
DA:324,1
DA:325,1
DA:327,2
DA:328,1
DA:330,0
LF:143
LH:76
end_of_record
